<?xml version="1.0" encoding="UTF-8"?>
<robot generator="Robot 3.1.2 (Python 3.8.1 on win32)" generated="20200105 12:30:33.948" rpa="false">
<suite id="s1" name="Robotframework2" source="C:\Users\Tom.Brown\PycharmProjects\GitExperiment\robotframework2.robot">
<kw name="GotoSite" type="setup">
<kw name="Open Browser">
<arguments>
<arg>https:///opensource-demo.orangehrmlive.com</arg>
<arg>${Browser}</arg>
</arguments>
<msg timestamp="20200105 12:30:34.014" level="FAIL">No keyword with name 'Open Browser' found.</msg>
<status status="FAIL" starttime="20200105 12:30:34.013" endtime="20200105 12:30:34.014"></status>
</kw>
<status status="FAIL" starttime="20200105 12:30:34.011" endtime="20200105 12:30:34.014"></status>
</kw>
<test id="s1-t1" name="Valid Open">
<doc>documentation must start intented (this is a note from me)</doc>
<tags>
<tag>Smoke</tag>
</tags>
<status status="FAIL" starttime="20200105 12:30:34.014" endtime="20200105 12:30:34.015" critical="yes">Parent suite setup failed:
No keyword with name 'Open Browser' found.</status>
</test>
<doc>free text documentation here displayed in console at runtime</doc>
<status status="FAIL" starttime="20200105 12:30:33.956" endtime="20200105 12:30:34.016">Suite setup failed:
No keyword with name 'Open Browser' found.</status>
</suite>
<statistics>
<total>
<stat pass="0" fail="1">Critical Tests</stat>
<stat pass="0" fail="1">All Tests</stat>
</total>
<tag>
<stat pass="0" fail="1">Smoke</stat>
</tag>
<suite>
<stat pass="0" fail="1" id="s1" name="Robotframework2">Robotframework2</stat>
</suite>
</statistics>
<errors>
<msg timestamp="20200105 12:30:34.008" level="ERROR">Error in file 'C:\Users\Tom.Brown\PycharmProjects\GitExperiment\robotframework2.robot': Importing test library 'SeleniumLibrary' failed: ModuleNotFoundError: No module named 'SeleniumLibrary'
Traceback (most recent call last):
  None
PYTHONPATH:
  C:\Users\tom.brown.BROWNTWSLT03\AppData\Local\Programs\Python\Python38-32\Scripts\robot.exe
  c:\users\tom.brown.BROWNTWSLT03\appdata\local\programs\python\python38-32\scripts
  c:\users\tom.brown.BROWNTWSLT03\appdata\local\programs\python\python38-32
  C:\Users\Tom.Brown\PycharmProjects\GitExperiment
  c:\users\tom.brown.browntwslt03\appdata\local\programs\python\python38-32\python38.zip
  c:\users\tom.brown.browntwslt03\appdata\local\programs\python\python38-32\DLLs
  c:\users\tom.brown.browntwslt03\appdata\local\programs\python\python38-32\lib
  c:\users\tom.brown.browntwslt03\appdata\local\programs\python\python38-32\lib\site-packages</msg>
</errors>
</robot>
